2025-04-21 23:19:57 | INFO | Run COGclassifier v2.0.0
2025-04-21 23:19:57 | INFO | $ COGclassifier -t 4 -i /home/minhhg/Downloads/galaxynew.fasta -o /home/minhhg/Downloads/output
2025-04-21 23:19:57 | INFO | Operating System: linux
2025-04-21 23:19:57 | INFO | Python Version: v3.12.3
2025-04-21 23:19:57 | INFO | Parameter: infile=/home/minhhg/Downloads/galaxynew.fasta
2025-04-21 23:19:57 | INFO | Parameter: outdir=/home/minhhg/Downloads/output
2025-04-21 23:19:57 | INFO | Parameter: download_dir=/home/minhhg/.cache/cogclassifier_v2
2025-04-21 23:19:57 | INFO | Parameter: thread_num=4
2025-04-21 23:19:57 | INFO | Parameter: evalue=0.01
2025-04-21 23:19:57 | INFO | Download COG & CDD resources in NCBI FTP site
2025-04-21 23:19:57 | INFO | Download https://ftp.ncbi.nih.gov/pub/mmdb/cdd/cddid.tbl.gz
2025-04-21 23:19:57 | INFO | => Already file exists /home/minhhg/.cache/cogclassifier_v2/cddid.tbl.gz
2025-04-21 23:19:57 | INFO | Download https://ftp.ncbi.nih.gov/pub/mmdb/cdd/little_endian/Cog_LE.tar.gz
2025-04-21 23:19:57 | INFO | => Already file exists /home/minhhg/.cache/cogclassifier_v2/Cog_LE.tar.gz
2025-04-21 23:19:57 | INFO | Load COG Functional Category from /home/minhhg/.local/share/pipx/venvs/cogclassifier/lib/python3.12/site-packages/cogclassifier/resources/cog_func_category.tsv
2025-04-21 23:19:57 | INFO | Load COG Definition from /home/minhhg/.local/share/pipx/venvs/cogclassifier/lib/python3.12/site-packages/cogclassifier/resources/cog_definition.tsv
2025-04-21 23:19:57 | INFO | Load COG <=> CDD ID Conversion Table from /home/minhhg/.cache/cogclassifier_v2/cddid.tbl.gz
2025-04-21 23:19:59 | INFO | ********** Start RPS-BLAST(v2.16.0) Search **********
2025-04-21 23:19:59 | INFO | $ rpsblast -query /home/minhhg/Downloads/galaxynew.fasta -db /home/minhhg/.cache/cogclassifier_v2/Cog_LE/Cog -outfmt 6 -out /tmp/tmpglj2nxlv/rpsblast.tsv -evalue 0.01 -num_threads 4 -mt_mode 1
2025-04-21 23:20:40 | INFO | ********** Finished RPS-BLAST Search **********
2025-04-21 23:20:41 | INFO | 82.85% (3849 / 4646) sequences are classified into COG functional category
2025-04-21 23:20:41 | INFO | Write rpsblast search result
2025-04-21 23:20:41 | INFO | => /home/minhhg/Downloads/output/rpsblast.tsv
2025-04-21 23:20:41 | INFO | Write summary of COG functional category count
2025-04-21 23:20:41 | INFO | => /home/minhhg/Downloads/output/cog_count.tsv
2025-04-21 23:20:41 | INFO | Write result of COG classification per query
2025-04-21 23:20:41 | INFO | => /home/minhhg/Downloads/output/cog_classify.tsv
2025-04-21 23:20:41 | INFO | Plot COG count barchart figure
2025-04-21 23:20:41 | INFO | => /home/minhhg/Downloads/output/cog_count_barchart.html
2025-04-21 23:20:42 | INFO | => /home/minhhg/Downloads/output/cog_count_barchart.png
2025-04-21 23:20:42 | INFO | Plot COG count piechart figure
2025-04-21 23:20:42 | INFO | => /home/minhhg/Downloads/output/cog_count_piechart.html
2025-04-21 23:20:43 | INFO | => /home/minhhg/Downloads/output/cog_count_piechart.png
2025-04-21 23:20:43 | INFO | Done (elapsed time: 45.80[s])
